<?xml version="1.0" encoding="UTF-8"?>
<!-- Generated by org.testng.reporters.JUnitXMLReporter -->
<testsuite ignored="0" hostname="Deepikas-Air" failures="1" tests="1" name="RegressionTests" time="48.031" errors="0" timestamp="2025-05-13T01:41:21 BST">
  <testcase classname="tests.LoginTest" name="testCompareDynamicInputOutputPairs" time="42.633">
    <failure type="java.lang.AssertionError" message="Test failed for one or more registrations:
FAIL: No expected data for BW57BOW in car_input_1.txt">
      <![CDATA[java.lang.AssertionError: Test failed for one or more registrations:
FAIL: No expected data for BW57BOW in car_input_1.txt
at tests.LoginTest.testCompareDynamicInputOutputPairs(LoginTest.java:117)
at java.base/java.util.ArrayList.forEach(ArrayList.java:1511)
... Removed 28 stack frames]]>
    </failure>
  </testcase> <!-- testCompareDynamicInputOutputPairs -->
</testsuite> <!-- RegressionTests -->
