<?xml version="1.0" encoding="UTF-8"?>
<testng-results ignored="0" total="2" passed="2" failed="0" skipped="0">
  <reporter-output>
  </reporter-output>
  <suite started-at="2025-05-11T02:24:42 BST" name="MotorwaySuite" finished-at="2025-05-11T02:25:17 BST" duration-ms="35108">
    <groups>
      <group name="regression">
        <method signature="InvalidRegistrationTest.InvalidInput()[pri:0, instance:tests.InvalidRegistrationTest@4cc451f2]" name="InvalidInput" class="tests.InvalidRegistrationTest"/>
        <method signature="LoginTest.testEnterRegistrationAndClickValueYourCar()[pri:0, instance:tests.LoginTest@6adbc9d]" name="testEnterRegistrationAndClickValueYourCar" class="tests.LoginTest"/>
      </group> <!-- regression -->
    </groups>
    <test started-at="2025-05-11T02:24:42 BST" name="RegressionTests" finished-at="2025-05-11T02:25:17 BST" duration-ms="35108">
      <class name="tests.LoginTest">
        <test-method is-config="true" signature="setUp()[pri:0, instance:tests.LoginTest@6adbc9d]" started-at="2025-05-11T02:25:02 BST" name="setUp" finished-at="2025-05-11T02:25:05 BST" duration-ms="3644" status="PASS">
          <reporter-output>
          </reporter-output>
        </test-method> <!-- setUp -->
        <test-method signature="testEnterRegistrationAndClickValueYourCar()[pri:0, instance:tests.LoginTest@6adbc9d]" started-at="2025-05-11T02:25:05 BST" name="testEnterRegistrationAndClickValueYourCar" finished-at="2025-05-11T02:25:17 BST" duration-ms="11845" status="PASS">
          <reporter-output>
          </reporter-output>
        </test-method> <!-- testEnterRegistrationAndClickValueYourCar -->
        <test-method is-config="true" signature="tearDown()[pri:0, instance:tests.LoginTest@6adbc9d]" started-at="2025-05-11T02:25:17 BST" name="tearDown" finished-at="2025-05-11T02:25:17 BST" duration-ms="268" status="PASS">
          <reporter-output>
          </reporter-output>
        </test-method> <!-- tearDown -->
      </class> <!-- tests.LoginTest -->
      <class name="tests.InvalidRegistrationTest">
        <test-method is-config="true" signature="setUp()[pri:0, instance:tests.InvalidRegistrationTest@4cc451f2]" started-at="2025-05-11T02:24:42 BST" name="setUp" finished-at="2025-05-11T02:24:48 BST" duration-ms="5726" status="PASS">
          <reporter-output>
          </reporter-output>
        </test-method> <!-- setUp -->
        <test-method signature="InvalidInput()[pri:0, instance:tests.InvalidRegistrationTest@4cc451f2]" started-at="2025-05-11T02:24:48 BST" name="InvalidInput" finished-at="2025-05-11T02:25:01 BST" duration-ms="13217" status="PASS">
          <reporter-output>
          </reporter-output>
        </test-method> <!-- InvalidInput -->
        <test-method is-config="true" signature="tearDown()[pri:0, instance:tests.InvalidRegistrationTest@4cc451f2]" started-at="2025-05-11T02:25:01 BST" name="tearDown" finished-at="2025-05-11T02:25:02 BST" duration-ms="320" status="PASS">
          <reporter-output>
          </reporter-output>
        </test-method> <!-- tearDown -->
      </class> <!-- tests.InvalidRegistrationTest -->
    </test> <!-- RegressionTests -->
  </suite> <!-- MotorwaySuite -->
</testng-results>
